<?xml version="1.0" encoding="UTF-8"?>
<!-- Generated by org.testng.reporters.JUnitXMLReporter -->
<testsuite ignored="0" hostname="DESKTOP-O1AV93M" failures="0" tests="4" name="Default test" time="57.081" errors="0" timestamp="2021-05-26T12:57:34 IST">
  <testcase classname="logintstcase.login" name="login" time="21.454"/>
  <testcase classname="logintstcase.login" name="login" time="11.916"/>
  <testcase classname="logintstcase.login" name="login" time="10.835"/>
  <testcase classname="logintstcase.login" name="login" time="10.363"/>
</testsuite> <!-- Default test -->
