<?xml version="1.0" encoding="UTF-8"?>
<!-- Generated by org.testng.reporters.JUnitXMLReporter -->
<testsuite ignored="0" hostname="DESKTOP-O1AV93M" failures="0" tests="4" name="Testlogin" time="76.494" errors="0" timestamp="2021-05-26T13:42:49 IST">
  <testcase classname="logintstcase.login" name="login" time="30.304"/>
  <testcase classname="logintstcase.login" name="login" time="15.845"/>
  <testcase classname="logintstcase.login" name="login" time="14.925"/>
  <testcase classname="logintstcase.login" name="login" time="12.655"/>
</testsuite> <!-- Testlogin -->
